<?xml version="1.0" encoding="UTF-8"?>
<!-- Generated by org.testng.reporters.JUnitReportReporter -->
<testsuite skipped="0" hostname="LAPTOP-3OGMS5MC" name="com.actitime.testscripts.Home" tests="1" failures="0" timestamp="02 Oct 2018 16:11:25 GMT" time="5.290" errors="0">
  <testcase name="createcx" time="5.290" classname="com.actitime.testscripts.Home"/>
</testsuite> <!-- com.actitime.testscripts.Home -->
