<?xml version="1.0" encoding="UTF-8"?>
<!-- Generated by org.testng.reporters.JUnitReportReporter -->
<testsuite skipped="0" hostname="LAPTOP-3OGMS5MC" name="actitime.actitime" tests="1" failures="0" timestamp="05 Oct 2018 13:31:44 GMT" time="72.286" errors="0">
  <testcase name="selectt" time="72.286" classname="actitime.actitime"/>
</testsuite> <!-- actitime.actitime -->
